2020-02-18 18:47:47.4574 ERROR Error trying to read and write to file.Exeption: Index was outside the bounds of the array.
2020-02-18 18:49:22.2954 ERROR Error trying to read and write to file.Exeption: Index was outside the bounds of the array.
2020-02-18 19:30:02.3239 ERROR Error trying to read: Index was outside the bounds of the array.
2020-02-18 19:33:20.0112 ERROR Error trying to read: The conversion cannot be performed.
    Text: 'a'
    MemberType: 
    TypeConverter: 'CsvHelper.TypeConversion.Int32Converter'
2020-02-18 19:35:39.0089 ERROR Error trying to read: Index was outside the bounds of the array.
2020-02-18 19:54:13.4759 ERROR Error trying to read: Index was outside the bounds of the array.
2020-02-18 20:29:56.7177 ERROR Error trying to read: Index was outside the bounds of the array.
2020-02-18 20:31:07.5994 ERROR Error trying to write: Object reference not set to an instance of an object.
2020-02-18 20:31:21.8038 ERROR Error trying to write: Object reference not set to an instance of an object.
2020-02-18 20:32:03.4155 ERROR Error trying to read: Index was outside the bounds of the array.
2020-02-18 20:32:07.9736 ERROR Error trying to write: Object reference not set to an instance of an object.
2020-02-18 20:32:29.7603 ERROR Error trying to read: Index was outside the bounds of the array.
2020-02-18 20:33:33.0721 ERROR Error trying to read: Index was outside the bounds of the array.
2020-02-18 20:34:21.4681 ERROR Error trying to read: Index was outside the bounds of the array.
2020-02-18 20:36:35.8229 ERROR Error trying to read: Index was outside the bounds of the array.
2020-02-18 20:36:45.4254 ERROR Error trying to write: Object reference not set to an instance of an object.
2020-02-18 20:37:15.3628 ERROR Error trying to read: Index was outside the bounds of the array.
2020-02-18 20:39:10.6006 ERROR Error trying to read: Index was outside the bounds of the array.
2020-02-18 20:40:19.9501 ERROR Error trying to write: Object reference not set to an instance of an object.
2020-02-18 20:40:41.1882 ERROR Error trying to read: Could not find file 'F:\Work\ИГИ\Lab1\ds'.
2020-02-18 20:47:57.5735 ERROR Error trying to read: Index was outside the bounds of the array.
